*** Transformation "FileProcessing" of "ConceptAndGo" started at Jan 29 16:58:12

Transformation Module States:
-----------------------------

Initialize Module "Convert to transformer action list" [standard transformation]
	Status : OK
Initialize Module "Action List Runner" [PVSCL Transformation Module]
	Status : OK
Initialize Module "Action List Runner" [actionlist]
	Status : OK
Initialize Module "Java Script Transformation Module" [Java Script Transformation Module]
	Status : OK
Run Module "Convert to transformer action list" [standard transformation]
	Status : OK
Run Module "Action List Runner" [PVSCL Transformation Module]
	Status : OK
Run Module "Action List Runner" [actionlist]
	Status : OK
Run Module "Java Script Transformation Module" [Java Script Transformation Module]
	Status : OK
Cleanup Module "Convert to transformer action list" [standard transformation]
	Status : OK
Cleanup Module "Action List Runner" [PVSCL Transformation Module]
	Status : OK
Cleanup Module "Action List Runner" [actionlist]
	Status : OK
Cleanup Module "Java Script Transformation Module" [Java Script Transformation Module]
	Status : OK

*** Transformation "FileProcessing" of "ConceptAndGo" finished at Jan 29 16:58:12

Transformation Module Logs:
---------------------------

